<?xml version="1.0" encoding="UTF-8"?>
<!-- Generated by org.testng.reporters.JUnitXMLReporter -->
<testsuite ignored="0" hostname="DESKTOP-0NH2CTB" failures="2" tests="2" name="Test" time="0.12" errors="0" timestamp="2024-06-28T08:03:44 GMT-04:00">
  <testcase classname="FrameworkConcepts.Tests.E2ETestforPOM" name="E2ETest" time="0.009">
    <failure type="java.lang.NullPointerException" message="Cannot invoke &amp;quot;FrameworkConcepts.pageobjects.landingpage.loginApplication(String, String)&amp;quot; because &amp;quot;this.LandingPage&amp;quot; is null">
      <![CDATA[java.lang.NullPointerException: Cannot invoke "FrameworkConcepts.pageobjects.landingpage.loginApplication(String, String)" because "this.LandingPage" is null
at FrameworkConcepts.Tests.E2ETestforPOM.E2ETest(E2ETestforPOM.java:33)
at java.base/java.util.ArrayList.forEach(ArrayList.java:1511)
... Removed 27 stack frames]]>
    </failure>
  </testcase> <!-- E2ETest -->
  <testcase classname="FrameworkConcepts.Tests.E2ETestforPOM" name="E2ETest" time="0.003">
    <failure type="java.lang.NullPointerException" message="Cannot invoke &amp;quot;FrameworkConcepts.pageobjects.landingpage.loginApplication(String, String)&amp;quot; because &amp;quot;this.LandingPage&amp;quot; is null">
      <![CDATA[java.lang.NullPointerException: Cannot invoke "FrameworkConcepts.pageobjects.landingpage.loginApplication(String, String)" because "this.LandingPage" is null
at FrameworkConcepts.Tests.E2ETestforPOM.E2ETest(E2ETestforPOM.java:33)
at java.base/java.util.ArrayList.forEach(ArrayList.java:1511)
... Removed 27 stack frames]]>
    </failure>
  </testcase> <!-- E2ETest -->
</testsuite> <!-- Test -->
